<?xml version="1.0" encoding="UTF-8"?>
<testsuite xmlns:xsi="http://www.w3.org/2001/XMLSchema-instance" xsi:noNamespaceSchemaLocation="https://maven.apache.org/surefire/maven-surefire-plugin/xsd/surefire-test-report.xsd" name="br.com.aula.steps.HomeSteps" time="67.234" tests="7" errors="1" skipped="0" failures="0">
  <properties>
[...]
</properties>
  <testcase name="validarRedirecionamentoPlantaoBlackFriday" classname="br.com.aula.steps.HomeSteps" time="10.149"/>
  <testcase name="validarDropdownListaCategorias" classname="br.com.aula.steps.HomeSteps" time="9.44"/>
  <testcase name="validarBuscaProdutoSemTextoInserido" classname="br.com.aula.steps.HomeSteps" time="4.208"/>
  <testcase name="validarRedirecionamentoTelaLogin" classname="br.com.aula.steps.HomeSteps" time="5.832"/>
  <testcase name="validarRedirecionamentoDetalhesProduto" classname="br.com.aula.steps.HomeSteps" time="7.451"/>
  <testcase name="validarRedirecionamentoLoginSenha" classname="br.com.aula.steps.HomeSteps" time="18.984">
    <error message="Expected condition failed: waiting for presence of element located by: By.cssSelector:  #root-app &gt; div &gt; div.wrap &gt; div &gt; div.andes-card.andes-card--flat.andes-card--default.center-card__body.center-card__body--footerless.andes-card--padding-default &gt; div &gt; h1 &gt; div (tried for 10 second(s) with 500 milliseconds interval)" type="org.openqa.selenium.TimeoutException">org.openqa.selenium.TimeoutException: Expected condition failed: waiting for presence of element located by: By.cssSelector:  #root-app > div > div.wrap > div > div.andes-card.andes-card--flat.andes-card--default.center-card__body.center-card__body--footerless.andes-card--padding-default > div > h1 > div (tried for 10 second(s) with 500 milliseconds interval)
	at br.com.aula.steps.HomeSteps.validarRedirecionamentoLoginSenha(HomeSteps.java:74)
Caused by: org.openqa.selenium.NoSuchElementException: 
no such element: Unable to locate element: {"method":"css selector","selector":" #root-app > div > div.wrap > div > div.andes-card.andes-card--flat.andes-card--default.center-card__body.center-card__body--footerless.andes-card--padding-default > div > h1 > div"}
  (Session info: chrome=107.0.5304.107)
For documentation on this error, please visit: https://www.seleniumhq.org/exceptions/no_such_element.html
Build info: version: '3.141.59', revision: 'e82be7d358', time: '2018-11-14T08:17:03'
System info: host: 'DBC-000509', ip: '192.168.2.254', os.name: 'Windows 10', os.arch: 'amd64', os.version: '10.0', java.version: '19.0.1'
Driver info: org.openqa.selenium.chrome.ChromeDriver
Capabilities {acceptInsecureCerts: false, browserName: chrome, browserVersion: 107.0.5304.107, chrome: {chromedriverVersion: 107.0.5304.62 (1eec40d3a576..., userDataDir: C:\Users\GABRIE~1.FRE\AppDa...}, goog:chromeOptions: {debuggerAddress: localhost:63147}, javascriptEnabled: true, networkConnectionEnabled: false, pageLoadStrategy: normal, platform: WINDOWS, platformName: WINDOWS, proxy: Proxy(), setWindowRect: true, strictFileInteractability: false, timeouts: {implicit: 0, pageLoad: 300000, script: 30000}, unhandledPromptBehavior: dismiss and notify, webauthn:extension:credBlob: true, webauthn:extension:largeBlob: true, webauthn:virtualAuthenticators: true}
Session ID: 6d65fdd13e10d6a5f19340e00ce12cd0
*** Element info: {Using=css selector, value= #root-app > div > div.wrap > div > div.andes-card.andes-card--flat.andes-card--default.center-card__body.center-card__body--footerless.andes-card--padding-default > div > h1 > div}
	at br.com.aula.steps.HomeSteps.validarRedirecionamentoLoginSenha(HomeSteps.java:74)
</error>
    <system-err><![CDATA[Starting ChromeDriver 107.0.5304.62 (1eec40d3a5764881c92085aaee66d25075c159aa-refs/branch-heads/5304@{#942}) on port 3361
Only local connections are allowed.
Please see https://chromedriver.chromium.org/security-considerations for suggestions on keeping ChromeDriver safe.
ChromeDriver was started successfully.
nov. 12, 2022 5:30:37 PM org.openqa.selenium.remote.ProtocolHandshake createSession
INFO: Detected dialect: W3C
]]></system-err>
  </testcase>
  <testcase name="validarBuscaDeProduto" classname="br.com.aula.steps.HomeSteps" time="10.794"/>
</testsuite>