<?xml version="1.0" encoding="UTF-8"?>
<testsuite xmlns:xsi="http://www.w3.org/2001/XMLSchema-instance" xsi:noNamespaceSchemaLocation="https://maven.apache.org/surefire/maven-surefire-plugin/xsd/surefire-test-report.xsd" name="br.com.aula.steps.HomeSteps" time="72.958" tests="8" errors="2" skipped="0" failures="0">
  <properties>
[...]
</properties>
  <testcase name="validarRedirecionamentoPlantaoBlackFriday" classname="br.com.aula.steps.HomeSteps" time="14.63"/>
  <testcase name="validarDropdownListaCategorias" classname="br.com.aula.steps.HomeSteps" time="10.439"/>
  <testcase name="validarModalIconeCep" classname="br.com.aula.steps.HomeSteps" time="7.905"/>
  <testcase name="validarBuscaProdutoSemTextoInserido" classname="br.com.aula.steps.HomeSteps" time="5.287"/>
  <testcase name="validarRedirecionamentoTelaLogin" classname="br.com.aula.steps.HomeSteps" time="6.721"/>
  <testcase name="validarRedirecionamentoDetalhesProduto" classname="br.com.aula.steps.HomeSteps" time="6.057">
    <error message="element click intercepted: Element &lt;div data-index=&quot;0&quot; class=&quot;slick-slide slick-active&quot; tabindex=&quot;-1&quot; style=&quot;outline: none; width: 240px;&quot;&gt;...&lt;/div&gt; is not clickable at point (471, 850). Other element would receive the click: &lt;div role=&quot;region&quot; class=&quot;cookie-consent-banner-opt-out&quot;&gt;...&lt;/div&gt;&#10;  (Session info: chrome=107.0.5304.107)&#10;Build info: version: &apos;3.141.59&apos;, revision: &apos;e82be7d358&apos;, time: &apos;2018-11-14T08:17:03&apos;&#10;System info: host: &apos;DESKTOP-C6OAH2D&apos;, ip: &apos;192.168.127.1&apos;, os.name: &apos;Windows 10&apos;, os.arch: &apos;amd64&apos;, os.version: &apos;10.0&apos;, java.version: &apos;1.8.0_352&apos;&#10;Driver info: org.openqa.selenium.chrome.ChromeDriver&#10;Capabilities {acceptInsecureCerts: false, browserName: chrome, browserVersion: 107.0.5304.107, chrome: {chromedriverVersion: 107.0.5304.62 (1eec40d3a576..., userDataDir: C:\Users\Pichau\AppData\Loc...}, goog:chromeOptions: {debuggerAddress: localhost:50061}, javascriptEnabled: true, networkConnectionEnabled: false, pageLoadStrategy: normal, platform: WINDOWS, platformName: WINDOWS, proxy: Proxy(), setWindowRect: true, strictFileInteractability: false, timeouts: {implicit: 0, pageLoad: 300000, script: 30000}, unhandledPromptBehavior: dismiss and notify, webauthn:extension:credBlob: true, webauthn:extension:largeBlob: true, webauthn:virtualAuthenticators: true}&#10;Session ID: 27bc9d48fa26b941494c2109f113c381" type="org.openqa.selenium.ElementClickInterceptedException"><![CDATA[org.openqa.selenium.ElementClickInterceptedException: 
element click intercepted: Element <div data-index="0" class="slick-slide slick-active" tabindex="-1" style="outline: none; width: 240px;">...</div> is not clickable at point (471, 850). Other element would receive the click: <div role="region" class="cookie-consent-banner-opt-out">...</div>
  (Session info: chrome=107.0.5304.107)
Build info: version: '3.141.59', revision: 'e82be7d358', time: '2018-11-14T08:17:03'
System info: host: 'DESKTOP-C6OAH2D', ip: '192.168.127.1', os.name: 'Windows 10', os.arch: 'amd64', os.version: '10.0', java.version: '1.8.0_352'
Driver info: org.openqa.selenium.chrome.ChromeDriver
Capabilities {acceptInsecureCerts: false, browserName: chrome, browserVersion: 107.0.5304.107, chrome: {chromedriverVersion: 107.0.5304.62 (1eec40d3a576..., userDataDir: C:\Users\Pichau\AppData\Loc...}, goog:chromeOptions: {debuggerAddress: localhost:50061}, javascriptEnabled: true, networkConnectionEnabled: false, pageLoadStrategy: normal, platform: WINDOWS, platformName: WINDOWS, proxy: Proxy(), setWindowRect: true, strictFileInteractability: false, timeouts: {implicit: 0, pageLoad: 300000, script: 30000}, unhandledPromptBehavior: dismiss and notify, webauthn:extension:credBlob: true, webauthn:extension:largeBlob: true, webauthn:virtualAuthenticators: true}
Session ID: 27bc9d48fa26b941494c2109f113c381
	at br.com.aula.steps.HomeSteps.validarRedirecionamentoDetalhesProduto(HomeSteps.java:84)
]]></error>
    <system-err><![CDATA[Starting ChromeDriver 107.0.5304.62 (1eec40d3a5764881c92085aaee66d25075c159aa-refs/branch-heads/5304@{#942}) on port 26647
Only local connections are allowed.
Please see https://chromedriver.chromium.org/security-considerations for suggestions on keeping ChromeDriver safe.
ChromeDriver was started successfully.
nov 12, 2022 5:28:38 PM org.openqa.selenium.remote.ProtocolHandshake createSession
INFORMAÇÕES: Detected dialect: W3C
]]></system-err>
  </testcase>
  <testcase name="validarRedirecionamentoLoginSenha" classname="br.com.aula.steps.HomeSteps" time="13.075">
    <error message="Expected condition failed: waiting for presence of element located by: By.cssSelector:  #root-app &gt; div &gt; div.wrap &gt; div &gt; div.andes-card.andes-card--flat.andes-card--default.center-card__body.center-card__body--footerless.andes-card--padding-default &gt; div &gt; h1 &gt; div (tried for 5 second(s) with 500 milliseconds interval)" type="org.openqa.selenium.TimeoutException">org.openqa.selenium.TimeoutException: Expected condition failed: waiting for presence of element located by: By.cssSelector:  #root-app > div > div.wrap > div > div.andes-card.andes-card--flat.andes-card--default.center-card__body.center-card__body--footerless.andes-card--padding-default > div > h1 > div (tried for 5 second(s) with 500 milliseconds interval)
	at br.com.aula.steps.HomeSteps.validarRedirecionamentoLoginSenha(HomeSteps.java:76)
Caused by: org.openqa.selenium.NoSuchElementException: 
no such element: Unable to locate element: {"method":"css selector","selector":" #root-app > div > div.wrap > div > div.andes-card.andes-card--flat.andes-card--default.center-card__body.center-card__body--footerless.andes-card--padding-default > div > h1 > div"}
  (Session info: chrome=107.0.5304.107)
For documentation on this error, please visit: https://www.seleniumhq.org/exceptions/no_such_element.html
Build info: version: '3.141.59', revision: 'e82be7d358', time: '2018-11-14T08:17:03'
System info: host: 'DESKTOP-C6OAH2D', ip: '192.168.127.1', os.name: 'Windows 10', os.arch: 'amd64', os.version: '10.0', java.version: '1.8.0_352'
Driver info: org.openqa.selenium.chrome.ChromeDriver
Capabilities {acceptInsecureCerts: false, browserName: chrome, browserVersion: 107.0.5304.107, chrome: {chromedriverVersion: 107.0.5304.62 (1eec40d3a576..., userDataDir: C:\Users\Pichau\AppData\Loc...}, goog:chromeOptions: {debuggerAddress: localhost:50107}, javascriptEnabled: true, networkConnectionEnabled: false, pageLoadStrategy: normal, platform: WINDOWS, platformName: WINDOWS, proxy: Proxy(), setWindowRect: true, strictFileInteractability: false, timeouts: {implicit: 0, pageLoad: 300000, script: 30000}, unhandledPromptBehavior: dismiss and notify, webauthn:extension:credBlob: true, webauthn:extension:largeBlob: true, webauthn:virtualAuthenticators: true}
Session ID: db8b914e104cf6bb01312874964de567
*** Element info: {Using=css selector, value= #root-app > div > div.wrap > div > div.andes-card.andes-card--flat.andes-card--default.center-card__body.center-card__body--footerless.andes-card--padding-default > div > h1 > div}
	at br.com.aula.steps.HomeSteps.validarRedirecionamentoLoginSenha(HomeSteps.java:76)
</error>
    <system-err><![CDATA[Starting ChromeDriver 107.0.5304.62 (1eec40d3a5764881c92085aaee66d25075c159aa-refs/branch-heads/5304@{#942}) on port 28596
Only local connections are allowed.
Please see https://chromedriver.chromium.org/security-considerations for suggestions on keeping ChromeDriver safe.
ChromeDriver was started successfully.
nov 12, 2022 5:28:44 PM org.openqa.selenium.remote.ProtocolHandshake createSession
INFORMAÇÕES: Detected dialect: W3C
]]></system-err>
  </testcase>
  <testcase name="validarBuscaDeProduto" classname="br.com.aula.steps.HomeSteps" time="8.03"/>
</testsuite>